<?xml version="1.0" encoding="UTF-8"?>
<!-- Generated by org.testng.reporters.JUnitXMLReporter -->
<testsuite ignored="0" hostname="Animeshs-MacBook-Pro.local" failures="1" tests="2" name="LoginTest Firefox" time="87.186" errors="0" timestamp="2025-03-20T15:59:45 PDT">
  <testcase classname="com.tutorialninja.testcases.LoginTest" name="loginWithValidCred" time="12.104">
    <failure type="org.openqa.selenium.NoSuchElementException" message="Unable to locate element: Edit your account information
For documentation on this error, please visit: https://www.selenium.dev/documentation/webdriver/troubleshooting/errors#no-such-element-exception
Build info: version: &amp;apos;4.16.1&amp;apos;, revision: &amp;apos;9b4c83354e&amp;apos;
System info: os.name: &amp;apos;Mac OS X&amp;apos;, os.arch: &amp;apos;x86_64&amp;apos;, os.version: &amp;apos;10.16&amp;apos;, java.version: &amp;apos;13.0.1&amp;apos;
Driver info: org.openqa.selenium.firefox.FirefoxDriver
Command: [f8a5f7ad-013a-4f9e-8664-b3a49302fbf8, findElement {using=link text, value=Edit your account information}]
Capabilities {acceptInsecureCerts: true, browserName: firefox, browserVersion: 136.0.2, moz:accessibilityChecks: false, moz:buildID: 20250317120031, moz:geckodriverVersion: 0.36.0, moz:headless: false, moz:platformVersion: 20.6.0, moz:processID: 39965, moz:profile: /var/folders/qh/kvckxsb55ss..., moz:shutdownTimeout: 60000, moz:webdriverClick: true, moz:windowless: false, pageLoadStrategy: normal, platformName: mac, proxy: Proxy(), setWindowRect: true, strictFileInteractability: false, timeouts: {implicit: 0, pageLoad: 300000, script: 30000}, unhandledPromptBehavior: dismiss and notify, userAgent: Mozilla/5.0 (Macintosh; Int...}
Session ID: f8a5f7ad-013a-4f9e-8664-b3a49302fbf8">
      <![CDATA[org.openqa.selenium.NoSuchElementException: Unable to locate element: Edit your account information
For documentation on this error, please visit: https://www.selenium.dev/documentation/webdriver/troubleshooting/errors#no-such-element-exception
Build info: version: '4.16.1', revision: '9b4c83354e'
System info: os.name: 'Mac OS X', os.arch: 'x86_64', os.version: '10.16', java.version: '13.0.1'
Driver info: org.openqa.selenium.firefox.FirefoxDriver
Command: [f8a5f7ad-013a-4f9e-8664-b3a49302fbf8, findElement {using=link text, value=Edit your account information}]
Capabilities {acceptInsecureCerts: true, browserName: firefox, browserVersion: 136.0.2, moz:accessibilityChecks: false, moz:buildID: 20250317120031, moz:geckodriverVersion: 0.36.0, moz:headless: false, moz:platformVersion: 20.6.0, moz:processID: 39965, moz:profile: /var/folders/qh/kvckxsb55ss..., moz:shutdownTimeout: 60000, moz:webdriverClick: true, moz:windowless: false, pageLoadStrategy: normal, platformName: mac, proxy: Proxy(), setWindowRect: true, strictFileInteractability: false, timeouts: {implicit: 0, pageLoad: 300000, script: 30000}, unhandledPromptBehavior: dismiss and notify, userAgent: Mozilla/5.0 (Macintosh; Int...}
Session ID: f8a5f7ad-013a-4f9e-8664-b3a49302fbf8
at org.openqa.selenium.remote.codec.w3c.W3CHttpResponseCodec.createException(W3CHttpResponseCodec.java:200)
at org.openqa.selenium.remote.codec.w3c.W3CHttpResponseCodec.decode(W3CHttpResponseCodec.java:133)
at org.openqa.selenium.remote.codec.w3c.W3CHttpResponseCodec.decode(W3CHttpResponseCodec.java:52)
at org.openqa.selenium.remote.HttpCommandExecutor.execute(HttpCommandExecutor.java:191)
at org.openqa.selenium.remote.service.DriverCommandExecutor.invokeExecute(DriverCommandExecutor.java:200)
at org.openqa.selenium.remote.service.DriverCommandExecutor.execute(DriverCommandExecutor.java:175)
at org.openqa.selenium.remote.RemoteWebDriver.execute(RemoteWebDriver.java:523)
at org.openqa.selenium.remote.ElementLocation$ElementFinder$2.findElement(ElementLocation.java:165)
at org.openqa.selenium.remote.ElementLocation.findElement(ElementLocation.java:59)
at org.openqa.selenium.remote.RemoteWebDriver.findElement(RemoteWebDriver.java:360)
at org.openqa.selenium.remote.RemoteWebDriver.findElement(RemoteWebDriver.java:354)
at com.tutorialninja.testcases.LoginTest.loginWithValidCred(LoginTest.java:40)
at java.base/java.util.ArrayList.forEach(ArrayList.java:1507)
at java.base/java.util.concurrent.FutureTask.run(FutureTask.java:264)
at java.base/java.util.concurrent.ThreadPoolExecutor.runWorker(ThreadPoolExecutor.java:1128)
at java.base/java.util.concurrent.ThreadPoolExecutor$Worker.run(ThreadPoolExecutor.java:628)
at java.base/java.lang.Thread.run(Thread.java:830)
... Removed 23 stack frames]]>
    </failure>
  </testcase> <!-- loginWithValidCred -->
  <testcase classname="com.tutorialninja.testcases.LoginTest" name="loginWithInvalidCred" time="1.695"/>
</testsuite> <!-- LoginTest Firefox -->
